11-29-2013 06:54:46,673 PM  INFO Main:34 - getTeam
11-29-2013 06:54:48,825 PM  INFO Main:38 -        1 : David De Gea (22)
11-29-2013 06:54:48,826 PM  INFO Main:38 -        2 : Rafael (22)
11-29-2013 06:54:48,826 PM  INFO Main:38 -        3 : Patrice Evra (31)
11-29-2013 06:54:48,827 PM  INFO Main:38 -        4 : Phil Jones (21)
11-29-2013 06:54:48,827 PM  INFO Main:38 -        5 : Rio Ferdinand (34)
11-29-2013 06:54:48,827 PM  INFO Main:38 -        7 : Antonio Valencia (27)
11-29-2013 06:54:48,827 PM  INFO Main:38 -        8 : Anderson (24)
11-29-2013 06:54:48,828 PM  INFO Main:38 -        10 : Wayne Rooney (27)
11-29-2013 06:54:48,828 PM  INFO Main:41 - 
 updatePlayerByNumber
11-29-2013 06:54:48,933 PM  INFO Main:44 - 
 deletePlayer
11-29-2013 06:54:49,004 PM  INFO Main:47 - 
 getPlayers
11-29-2013 06:54:49,060 PM  INFO Main:51 -        1 : Anders Lindegaard (28)
11-29-2013 06:54:49,060 PM  INFO Main:51 -        3 : Patrice Evra (31)
11-29-2013 07:01:10,196 PM DEBUG StandardEnvironment:112 - Initializing new StandardEnvironment
11-29-2013 07:01:10,225 PM DEBUG StandardEnvironment:107 - Adding [systemProperties] PropertySource with lowest search precedence
11-29-2013 07:01:10,228 PM DEBUG StandardEnvironment:107 - Adding [systemEnvironment] PropertySource with lowest search precedence
11-29-2013 07:01:10,229 PM DEBUG StandardEnvironment:116 - Initialized StandardEnvironment with PropertySources [systemProperties,systemEnvironment]
11-29-2013 07:01:10,235 PM  INFO ClassPathXmlApplicationContext:510 - Refreshing org.springframework.context.support.ClassPathXmlApplicationContext@2321ab80: startup date [Fri Nov 29 19:01:10 CST 2013]; root of context hierarchy
11-29-2013 07:01:10,331 PM DEBUG StandardEnvironment:112 - Initializing new StandardEnvironment
11-29-2013 07:01:10,332 PM DEBUG StandardEnvironment:107 - Adding [systemProperties] PropertySource with lowest search precedence
11-29-2013 07:01:10,332 PM DEBUG StandardEnvironment:107 - Adding [systemEnvironment] PropertySource with lowest search precedence
11-29-2013 07:01:10,333 PM DEBUG StandardEnvironment:116 - Initialized StandardEnvironment with PropertySources [systemProperties,systemEnvironment]
11-29-2013 07:01:10,335 PM DEBUG StandardEnvironment:112 - Initializing new StandardEnvironment
11-29-2013 07:01:10,335 PM DEBUG StandardEnvironment:107 - Adding [systemProperties] PropertySource with lowest search precedence
11-29-2013 07:01:10,336 PM DEBUG StandardEnvironment:107 - Adding [systemEnvironment] PropertySource with lowest search precedence
11-29-2013 07:01:10,336 PM DEBUG StandardEnvironment:116 - Initialized StandardEnvironment with PropertySources [systemProperties,systemEnvironment]
11-29-2013 07:01:10,366 PM  INFO XmlBeanDefinitionReader:315 - Loading XML bean definitions from class path resource [application-context.xml]
11-29-2013 07:01:10,370 PM DEBUG DefaultDocumentLoader:72 - Using JAXP provider [com.sun.org.apache.xerces.internal.jaxp.DocumentBuilderFactoryImpl]
11-29-2013 07:01:10,400 PM DEBUG PluggableSchemaResolver:140 - Loading schema mappings from [META-INF/spring.schemas]
11-29-2013 07:01:10,424 PM DEBUG PluggableSchemaResolver:146 - Loaded schema mappings: {http://www.springframework.org/schema/util/spring-util.xsd=org/springframework/beans/factory/xml/spring-util-3.2.xsd, http://www.springframework.org/schema/jee/spring-jee-3.2.xsd=org/springframework/ejb/config/spring-jee-3.2.xsd, http://cxf.apache.org/schemas/policy.xsd=schemas/policy.xsd, http://cxf.apache.org/schemas/configuration/security.xsd=schemas/configuration/security.xsd, http://www.springframework.org/schema/beans/spring-beans-3.1.xsd=org/springframework/beans/factory/xml/spring-beans-3.1.xsd, http://www.springframework.org/schema/task/spring-task.xsd=org/springframework/scheduling/config/spring-task-3.2.xsd, http://www.springframework.org/schema/cache/spring-cache.xsd=org/springframework/cache/config/spring-cache-3.2.xsd, http://www.springframework.org/schema/aop/spring-aop-3.0.xsd=org/springframework/aop/config/spring-aop-3.0.xsd, http://www.springframework.org/schema/aop/spring-aop-2.0.xsd=org/springframework/aop/config/spring-aop-2.0.xsd, http://www.springframework.org/schema/task/spring-task-3.1.xsd=org/springframework/scheduling/config/spring-task-3.1.xsd, http://www.springframework.org/schema/tool/spring-tool-2.5.xsd=org/springframework/beans/factory/xml/spring-tool-2.5.xsd, http://docs.oasis-open.org/wss/2004/01/oasis-200401-wss-wssecurity-utility-1.0.xsd=schemas/oasis-200401-wss-wssecurity-utility-1.0.xsd, http://www.springframework.org/schema/beans/spring-beans.xsd=org/springframework/beans/factory/xml/spring-beans-3.2.xsd, http://cxf.apache.org/schemas/configuration/soap.xsd=schemas/configuration/soap.xsd, http://cxf.apache.org/schemas/wsdl/http-conf.xsd=schemas/wsdl/http-conf.xsd, http://www.springframework.org/schema/jee/spring-jee-2.5.xsd=org/springframework/ejb/config/spring-jee-2.5.xsd, http://cxf.apache.org/schemas/jaxws.xsd=schemas/jaxws.xsd, http://www.springframework.org/schema/tool/spring-tool-3.1.xsd=org/springframework/beans/factory/xml/spring-tool-3.1.xsd, http://www.w3.org/2006/07/ws-policy.xsd=schemas/ws-policy-200607.xsd, http://schemas.xmlsoap.org/ws/2004/09/policy/ws-policy.xsd=schemas/ws-policy-200409.xsd, http://www.springframework.org/schema/aop/spring-aop.xsd=org/springframework/aop/config/spring-aop-3.2.xsd, http://www.springframework.org/schema/jee/spring-jee-3.1.xsd=org/springframework/ejb/config/spring-jee-3.1.xsd, http://www.springframework.org/schema/context/spring-context-3.2.xsd=org/springframework/context/config/spring-context-3.2.xsd, http://www.springframework.org/schema/util/spring-util-3.2.xsd=org/springframework/beans/factory/xml/spring-util-3.2.xsd, http://www.springframework.org/schema/beans/spring-beans-2.0.xsd=org/springframework/beans/factory/xml/spring-beans-2.0.xsd, http://cxf.apache.org/schemas/simple.xsd=schemas/simple.xsd, http://www.springframework.org/schema/lang/spring-lang-3.2.xsd=org/springframework/scripting/config/spring-lang-3.2.xsd, http://www.springframework.org/schema/beans/spring-beans-3.0.xsd=org/springframework/beans/factory/xml/spring-beans-3.0.xsd, http://www.springframework.org/schema/cache/spring-cache-3.2.xsd=org/springframework/cache/config/spring-cache-3.2.xsd, http://www.springframework.org/schema/task/spring-task-3.0.xsd=org/springframework/scheduling/config/spring-task-3.0.xsd, http://schemas.xmlsoap.org/wsdl/2003-02-11.xsd=schemas/wsdl/wsdl.xsd, http://www.springframework.org/schema/context/spring-context-2.5.xsd=org/springframework/context/config/spring-context-2.5.xsd, http://www.springframework.org/schema/tool/spring-tool-3.0.xsd=org/springframework/beans/factory/xml/spring-tool-3.0.xsd, http://www.springframework.org/schema/util/spring-util-2.5.xsd=org/springframework/beans/factory/xml/spring-util-2.5.xsd, http://www.springframework.org/schema/tool/spring-tool-2.0.xsd=org/springframework/beans/factory/xml/spring-tool-2.0.xsd, http://www.springframework.org/schema/lang/spring-lang.xsd=org/springframework/scripting/config/spring-lang-3.2.xsd, http://www.springframework.org/schema/lang/spring-lang-2.5.xsd=org/springframework/scripting/config/spring-lang-2.5.xsd, http://cxf.apache.org/configuration/parameterized-types=schemas/configuration/parameterized-types.xsd, http://cxf.apache.org/schemas/configuration/cxf-beans.xsd=schemas/configuration/cxf-beans.xsd, http://cxf.apache.org/schemas/ws/addressing.xsd=schemas/ws-addr-conf.xsd, http://www.springframework.org/schema/aop/spring-aop-3.2.xsd=org/springframework/aop/config/spring-aop-3.2.xsd, http://docs.oasis-open.org/wss/2004/01/oasis-200401-wss-wssecurity-secext-1.0.xsd=schemas/oasis-200401-wss-wssecurity-secext-1.0.xsd, http://www.springframework.org/schema/jee/spring-jee-3.0.xsd=org/springframework/ejb/config/spring-jee-3.0.xsd, http://www.springframework.org/schema/jee/spring-jee-2.0.xsd=org/springframework/ejb/config/spring-jee-2.0.xsd, http://www.springframework.org/schema/context/spring-context-3.1.xsd=org/springframework/context/config/spring-context-3.1.xsd, http://cxf.apache.org/schemas/core.xsd=schemas/core.xsd, http://www.springframework.org/schema/util/spring-util-3.1.xsd=org/springframework/beans/factory/xml/spring-util-3.1.xsd, http://www.springframework.org/schema/lang/spring-lang-3.1.xsd=org/springframework/scripting/config/spring-lang-3.1.xsd, http://www.w3.org/2007/02/ws-policy.xsd=schemas/ws-policy-200702.xsd, http://www.springframework.org/schema/cache/spring-cache-3.1.xsd=org/springframework/cache/config/spring-cache-3.1.xsd, http://www.springframework.org/schema/context/spring-context.xsd=org/springframework/context/config/spring-context-3.2.xsd, http://www.w3.org/TR/xmldsig-core/xmldsig-core-schema.xsd=schemas/xmldsig-core-schema.xsd, http://www.springframework.org/schema/jee/spring-jee.xsd=org/springframework/ejb/config/spring-jee-3.2.xsd, http://www.w3.org/2001/xml.xsd=schemas/xml.xsd, http://www.springframework.org/schema/aop/spring-aop-2.5.xsd=org/springframework/aop/config/spring-aop-2.5.xsd, http://cxf.apache.org/schemas/configuration/http-conf.xsd=schemas/configuration/http-conf.xsd, http://www.springframework.org/schema/beans/spring-beans-3.2.xsd=org/springframework/beans/factory/xml/spring-beans-3.2.xsd, http://www.springframework.org/schema/aop/spring-aop-3.1.xsd=org/springframework/aop/config/spring-aop-3.1.xsd, http://www.springframework.org/schema/task/spring-task-3.2.xsd=org/springframework/scheduling/config/spring-task-3.2.xsd, http://www.springframework.org/schema/context/spring-context-3.0.xsd=org/springframework/context/config/spring-context-3.0.xsd, http://www.springframework.org/schema/tool/spring-tool.xsd=org/springframework/beans/factory/xml/spring-tool-3.2.xsd, http://www.springframework.org/schema/util/spring-util-3.0.xsd=org/springframework/beans/factory/xml/spring-util-3.0.xsd, http://www.springframework.org/schema/util/spring-util-2.0.xsd=org/springframework/beans/factory/xml/spring-util-2.0.xsd, http://www.springframework.org/schema/lang/spring-lang-3.0.xsd=org/springframework/scripting/config/spring-lang-3.0.xsd, http://www.springframework.org/schema/lang/spring-lang-2.0.xsd=org/springframework/scripting/config/spring-lang-2.0.xsd, http://schemas.xmlsoap.org/wsdl/http/=schemas/wsdl/http.xsd, http://cxf.apache.org/schemas/configuration/parameterized-types.xsd=schemas/configuration/parameterized-types.xsd, http://schemas.xmlsoap.org/wsdl/=schemas/wsdl/wsdl.xsd, http://schemas.xmlsoap.org/ws/2004/08/addressing=schemas/wsdl/addressing.xsd, http://www.springframework.org/schema/tool/spring-tool-3.2.xsd=org/springframework/beans/factory/xml/spring-tool-3.2.xsd, http://www.springframework.org/schema/beans/spring-beans-2.5.xsd=org/springframework/beans/factory/xml/spring-beans-2.5.xsd}
11-29-2013 07:01:10,427 PM DEBUG PluggableSchemaResolver:118 - Found XML schema [http://www.springframework.org/schema/beans/spring-beans-3.2.xsd] in classpath: org/springframework/beans/factory/xml/spring-beans-3.2.xsd
11-29-2013 07:01:10,495 PM DEBUG PluggableSchemaResolver:118 - Found XML schema [http://www.springframework.org/schema/context/spring-context-3.2.xsd] in classpath: org/springframework/context/config/spring-context-3.2.xsd
11-29-2013 07:01:10,509 PM DEBUG PluggableSchemaResolver:118 - Found XML schema [http://www.springframework.org/schema/tool/spring-tool-3.2.xsd] in classpath: org/springframework/beans/factory/xml/spring-tool-3.2.xsd
11-29-2013 07:01:10,520 PM DEBUG PluggableSchemaResolver:118 - Found XML schema [http://cxf.apache.org/schemas/jaxws.xsd] in classpath: schemas/jaxws.xsd
11-29-2013 07:01:10,537 PM DEBUG PluggableSchemaResolver:118 - Found XML schema [http://cxf.apache.org/schemas/configuration/cxf-beans.xsd] in classpath: schemas/configuration/cxf-beans.xsd
11-29-2013 07:01:10,558 PM DEBUG DefaultBeanDefinitionDocumentReader:106 - Loading bean definitions
11-29-2013 07:01:10,581 PM DEBUG DefaultNamespaceHandlerResolver:156 - Loaded NamespaceHandler mappings: {http://www.springframework.org/schema/p=org.springframework.beans.factory.xml.SimplePropertyNamespaceHandler, http://www.springframework.org/schema/task=org.springframework.scheduling.config.TaskNamespaceHandler, http://www.w3.org/2006/07/ws-policy=org.apache.cxf.ws.policy.spring.PolicyNamespaceHandler, http://www.springframework.org/schema/lang=org.springframework.scripting.config.LangNamespaceHandler, http://www.springframework.org/schema/util=org.springframework.beans.factory.xml.UtilNamespaceHandler, http://www.springframework.org/schema/c=org.springframework.beans.factory.xml.SimpleConstructorNamespaceHandler, http://cxf.apache.org/jaxws=org.apache.cxf.jaxws.spring.NamespaceHandler, http://cxf.apache.org/policy=org.apache.cxf.ws.policy.spring.NamespaceHandler, http://www.springframework.org/schema/jee=org.springframework.ejb.config.JeeNamespaceHandler, http://cxf.apache.org/transports/http/configuration=org.apache.cxf.transport.http.spring.NamespaceHandler, http://cxf.apache.org/ws/addressing=org.apache.cxf.ws.addressing.spring.NamespaceHandler, http://cxf.apache.org/simple=org.apache.cxf.frontend.spring.NamespaceHandler, http://www.springframework.org/schema/aop=org.springframework.aop.config.AopNamespaceHandler, http://www.springframework.org/schema/context=org.springframework.context.config.ContextNamespaceHandler, http://cxf.apache.org/core=org.apache.cxf.bus.spring.NamespaceHandler, http://schemas.xmlsoap.org/ws/2004/09/policy=org.apache.cxf.ws.policy.spring.PolicyNamespaceHandler, http://www.springframework.org/schema/cache=org.springframework.cache.config.CacheNamespaceHandler, http://www.w3.org/ns/ws-policy=org.apache.cxf.ws.policy.spring.PolicyNamespaceHandler, http://cxf.apache.org/bindings/soap=org.apache.cxf.binding.soap.spring.NamespaceHandler}
11-29-2013 07:01:11,949 PM DEBUG XmlBeanDefinitionReader:216 - Loaded 3 bean definitions from location pattern [application-context.xml]
11-29-2013 07:01:11,949 PM DEBUG ClassPathXmlApplicationContext:540 - Bean factory for org.springframework.context.support.ClassPathXmlApplicationContext@2321ab80: org.springframework.beans.factory.support.DefaultListableBeanFactory@1eb3319f: defining beans [org.springframework.context.support.PropertySourcesPlaceholderConfigurer#0,teamServiceClient.proxyFactory,teamServiceClient]; root of factory hierarchy
11-29-2013 07:01:12,042 PM DEBUG DefaultListableBeanFactory:215 - Creating shared instance of singleton bean 'org.springframework.context.support.PropertySourcesPlaceholderConfigurer#0'
11-29-2013 07:01:12,042 PM DEBUG DefaultListableBeanFactory:435 - Creating instance of bean 'org.springframework.context.support.PropertySourcesPlaceholderConfigurer#0'
11-29-2013 07:01:12,115 PM DEBUG DefaultListableBeanFactory:509 - Eagerly caching bean 'org.springframework.context.support.PropertySourcesPlaceholderConfigurer#0' to allow for resolving potential circular references
11-29-2013 07:01:12,186 PM DEBUG DefaultListableBeanFactory:463 - Finished creating instance of bean 'org.springframework.context.support.PropertySourcesPlaceholderConfigurer#0'
11-29-2013 07:01:12,187 PM DEBUG MutablePropertySources:107 - Adding [environmentProperties] PropertySource with lowest search precedence
11-29-2013 07:01:12,187 PM  INFO PropertySourcesPlaceholderConfigurer:172 - Loading properties file from class path resource [config.properties]
11-29-2013 07:01:12,188 PM DEBUG MutablePropertySources:107 - Adding [localProperties] PropertySource with lowest search precedence
11-29-2013 07:01:12,190 PM DEBUG PropertySourcesPropertyResolver:70 - Searching for key 'endpoint' in [environmentProperties]
11-29-2013 07:01:12,190 PM DEBUG PropertySourcesPropertyResolver:70 - Searching for key 'endpoint' in [systemProperties]
11-29-2013 07:01:12,191 PM DEBUG PropertySourcesPropertyResolver:70 - Searching for key 'endpoint' in [systemEnvironment]
11-29-2013 07:01:12,191 PM DEBUG PropertySourcesPropertyResolver:93 - Could not find key 'endpoint' in any property source. Returning [null]
11-29-2013 07:01:12,191 PM DEBUG PropertySourcesPropertyResolver:70 - Searching for key 'endpoint' in [localProperties]
11-29-2013 07:01:12,192 PM DEBUG PropertySourcesPropertyResolver:79 - Found key 'endpoint' in [localProperties] with type [String] and value 'http://localhost:8080/spring-cxf-ws/ws/v/1/teamService?wsdl'
11-29-2013 07:01:12,194 PM DEBUG PropertySourcesPropertyResolver:70 - Searching for key 'endpoint' in [environmentProperties]
11-29-2013 07:01:12,194 PM DEBUG PropertySourcesPropertyResolver:70 - Searching for key 'endpoint' in [systemProperties]
11-29-2013 07:01:12,194 PM DEBUG PropertySourcesPropertyResolver:70 - Searching for key 'endpoint' in [systemEnvironment]
11-29-2013 07:01:12,195 PM DEBUG PropertySourcesPropertyResolver:93 - Could not find key 'endpoint' in any property source. Returning [null]
11-29-2013 07:01:12,195 PM DEBUG PropertySourcesPropertyResolver:70 - Searching for key 'endpoint' in [localProperties]
11-29-2013 07:01:12,195 PM DEBUG PropertySourcesPropertyResolver:79 - Found key 'endpoint' in [localProperties] with type [String] and value 'http://localhost:8080/spring-cxf-ws/ws/v/1/teamService?wsdl'
11-29-2013 07:01:12,205 PM DEBUG ClassPathXmlApplicationContext:807 - Unable to locate MessageSource with name 'messageSource': using default [org.springframework.context.support.DelegatingMessageSource@215983b7]
11-29-2013 07:01:12,208 PM DEBUG ClassPathXmlApplicationContext:831 - Unable to locate ApplicationEventMulticaster with name 'applicationEventMulticaster': using default [org.springframework.context.event.SimpleApplicationEventMulticaster@69b01afa]
11-29-2013 07:01:12,209 PM  INFO DefaultListableBeanFactory:596 - Pre-instantiating singletons in org.springframework.beans.factory.support.DefaultListableBeanFactory@1eb3319f: defining beans [org.springframework.context.support.PropertySourcesPlaceholderConfigurer#0,teamServiceClient.proxyFactory,teamServiceClient]; root of factory hierarchy
11-29-2013 07:01:12,209 PM DEBUG DefaultListableBeanFactory:246 - Returning cached instance of singleton bean 'org.springframework.context.support.PropertySourcesPlaceholderConfigurer#0'
11-29-2013 07:01:12,209 PM DEBUG DefaultListableBeanFactory:215 - Creating shared instance of singleton bean 'teamServiceClient'
11-29-2013 07:01:12,210 PM DEBUG DefaultListableBeanFactory:435 - Creating instance of bean 'teamServiceClient'
11-29-2013 07:01:12,297 PM DEBUG DefaultListableBeanFactory:509 - Eagerly caching bean 'teamServiceClient' to allow for resolving potential circular references
11-29-2013 07:01:12,577 PM DEBUG DefaultListableBeanFactory:246 - Returning cached instance of singleton bean 'cxf'
11-29-2013 07:01:12,578 PM DEBUG DefaultListableBeanFactory:246 - Returning cached instance of singleton bean 'cxf'
11-29-2013 07:01:12,578 PM DEBUG DefaultListableBeanFactory:463 - Finished creating instance of bean 'teamServiceClient'
11-29-2013 07:01:12,581 PM DEBUG ClassPathXmlApplicationContext:858 - Unable to locate LifecycleProcessor with name 'lifecycleProcessor': using default [org.springframework.context.support.DefaultLifecycleProcessor@40bc5596]
11-29-2013 07:01:12,581 PM DEBUG DefaultListableBeanFactory:246 - Returning cached instance of singleton bean 'lifecycleProcessor'
11-29-2013 07:01:12,641 PM DEBUG PropertySourcesPropertyResolver:70 - Searching for key 'spring.liveBeansView.mbeanDomain' in [systemProperties]
11-29-2013 07:01:12,641 PM DEBUG PropertySourcesPropertyResolver:70 - Searching for key 'spring.liveBeansView.mbeanDomain' in [systemEnvironment]
11-29-2013 07:01:12,641 PM DEBUG PropertySourcesPropertyResolver:93 - Could not find key 'spring.liveBeansView.mbeanDomain' in any property source. Returning [null]
11-29-2013 07:01:12,642 PM DEBUG DefaultListableBeanFactory:246 - Returning cached instance of singleton bean 'teamServiceClient'
11-29-2013 07:01:13,779 PM  INFO Main:37 - getTeam
11-29-2013 07:01:14,822 PM  INFO Main:41 -        1 : Anders Lindegaard (28)
11-29-2013 07:01:14,822 PM  INFO Main:41 -        2 : Rafael (22)
11-29-2013 07:01:14,823 PM  INFO Main:41 -        3 : Patrice Evra (31)
11-29-2013 07:01:14,823 PM  INFO Main:41 -        4 : Phil Jones (21)
11-29-2013 07:01:14,823 PM  INFO Main:41 -        5 : Rio Ferdinand (34)
11-29-2013 07:01:14,823 PM  INFO Main:41 -        7 : Antonio Valencia (27)
11-29-2013 07:01:14,823 PM  INFO Main:41 -        8 : Anderson (24)
11-29-2013 07:01:14,823 PM  INFO Main:41 -        10 : Wayne Rooney (27)
11-29-2013 07:01:14,824 PM  INFO Main:44 - 
 updatePlayerByNumber
11-29-2013 07:01:14,869 PM  INFO Main:47 - 
 deletePlayer
11-29-2013 07:01:14,900 PM  INFO Main:50 - 
 getPlayers
11-29-2013 07:01:14,939 PM  INFO Main:54 -        1 : Anders Lindegaard (28)
11-29-2013 07:01:14,940 PM  INFO Main:54 -        3 : Patrice Evra (31)
